<?xml version="1.0" encoding="UTF-8"?>
<!-- Generated by org.testng.reporters.JUnitXMLReporter -->
<testsuite hostname="HP10058912" name="TestRunner" tests="4" failures="0" timestamp="11 Nov 2016 13:16:55 GMT" time="141.984" errors="0">
  <testcase name="feature" time="37.128" classname="Test.Test.runners.FeatureRunner"/>
  <testcase name="feature" time="28.606" classname="Test.Test.runners.FeatureRunner"/>
  <testcase name="feature" time="37.14" classname="Test.Test.runners.FeatureRunner"/>
  <testcase name="feature" time="38.309" classname="Test.Test.runners.FeatureRunner"/>
</testsuite> <!-- TestRunner -->
