<?xml version="1.0" encoding="UTF-8"?>
<!-- Generated by org.testng.reporters.JUnitXMLReporter -->
<testsuite hostname="HP10058912" name="TestRunner" tests="4" failures="0" timestamp="11 Nov 2016 12:49:51 GMT" time="145.765" errors="0">
  <testcase name="feature" time="41.753" classname="Test.Test.runners.FeatureRunner"/>
  <testcase name="feature" time="27.2" classname="Test.Test.runners.FeatureRunner"/>
  <testcase name="feature" time="38.654" classname="Test.Test.runners.FeatureRunner"/>
  <testcase name="feature" time="37.359" classname="Test.Test.runners.FeatureRunner"/>
</testsuite> <!-- TestRunner -->
