<?xml version="1.0" encoding="UTF-8"?>
<testng-results skipped="0" failed="0" total="4" passed="4">
  <reporter-output>
  </reporter-output>
  <suite name="TestAll" duration-ms="141984" started-at="2016-11-11T13:14:33Z" finished-at="2016-11-11T13:16:55Z">
    <groups>
      <group name="cucumber">
        <method signature="AbstractTestNGCucumberTests.feature(cucumber.api.testng.CucumberFeatureWrapper)[pri:0, instance:Test.Test.runners.FeatureRunner@df4efb]" name="feature" class="cucumber.api.testng.AbstractTestNGCucumberTests"/>
      </group> <!-- cucumber -->
    </groups>
    <test name="TestRunner" duration-ms="141984" started-at="2016-11-11T13:14:33Z" finished-at="2016-11-11T13:16:55Z">
      <class name="Test.Test.runners.FeatureRunner">
        <test-method status="PASS" signature="setUpClass()[pri:0, instance:Test.Test.runners.FeatureRunner@df4efb]" name="setUpClass" is-config="true" duration-ms="508" started-at="2016-11-11T13:14:33Z" finished-at="2016-11-11T13:14:34Z">
          <reporter-output>
          </reporter-output>
        </test-method> <!-- setUpClass -->
        <test-method status="PASS" signature="feature(cucumber.api.testng.CucumberFeatureWrapper)[pri:0, instance:Test.Test.runners.FeatureRunner@df4efb]" name="feature" duration-ms="37128" started-at="2016-11-11T13:14:34Z" description="Runs Cucumber Feature" data-provider="features" finished-at="2016-11-11T13:15:11Z">
          <params>
            <param index="0">
              <value>
                <![CDATA[My Account tiles]]>
              </value>
            </param>
          </params>
          <reporter-output>
          </reporter-output>
        </test-method> <!-- feature -->
        <test-method status="PASS" signature="feature(cucumber.api.testng.CucumberFeatureWrapper)[pri:0, instance:Test.Test.runners.FeatureRunner@df4efb]" name="feature" duration-ms="28606" started-at="2016-11-11T13:15:11Z" description="Runs Cucumber Feature" data-provider="features" finished-at="2016-11-11T13:15:40Z">
          <params>
            <param index="0">
              <value>
                <![CDATA[My Account tiles]]>
              </value>
            </param>
          </params>
          <reporter-output>
          </reporter-output>
        </test-method> <!-- feature -->
        <test-method status="PASS" signature="feature(cucumber.api.testng.CucumberFeatureWrapper)[pri:0, instance:Test.Test.runners.FeatureRunner@df4efb]" name="feature" duration-ms="37140" started-at="2016-11-11T13:15:40Z" description="Runs Cucumber Feature" data-provider="features" finished-at="2016-11-11T13:16:17Z">
          <params>
            <param index="0">
              <value>
                <![CDATA[URL change for Bill]]>
              </value>
            </param>
          </params>
          <reporter-output>
          </reporter-output>
        </test-method> <!-- feature -->
        <test-method status="PASS" signature="feature(cucumber.api.testng.CucumberFeatureWrapper)[pri:0, instance:Test.Test.runners.FeatureRunner@df4efb]" name="feature" duration-ms="38309" started-at="2016-11-11T13:16:17Z" description="Runs Cucumber Feature" data-provider="features" finished-at="2016-11-11T13:16:55Z">
          <params>
            <param index="0">
              <value>
                <![CDATA[FDD next payment amount needs to always be ?XX.XX]]>
              </value>
            </param>
          </params>
          <reporter-output>
          </reporter-output>
        </test-method> <!-- feature -->
        <test-method status="PASS" signature="tearDownClass()[pri:0, instance:Test.Test.runners.FeatureRunner@df4efb]" name="tearDownClass" is-config="true" duration-ms="90" started-at="2016-11-11T13:16:55Z" finished-at="2016-11-11T13:16:55Z">
          <reporter-output>
          </reporter-output>
        </test-method> <!-- tearDownClass -->
      </class> <!-- Test.Test.runners.FeatureRunner -->
    </test> <!-- TestRunner -->
  </suite> <!-- TestAll -->
</testng-results>
