<?xml version="1.0" encoding="UTF-8"?>
<testng-results skipped="0" failed="0" total="4" passed="4">
  <reporter-output>
  </reporter-output>
  <suite name="TestAll" duration-ms="171216" started-at="2016-11-11T11:34:17Z" finished-at="2016-11-11T11:37:08Z">
    <groups>
      <group name="cucumber">
        <method signature="AbstractTestNGCucumberTests.feature(cucumber.api.testng.CucumberFeatureWrapper)[pri:0, instance:Test.Test.runners.FeatureRunner@df4efb]" name="feature" class="cucumber.api.testng.AbstractTestNGCucumberTests"/>
      </group> <!-- cucumber -->
    </groups>
    <test name="TestRunner" duration-ms="171216" started-at="2016-11-11T11:34:17Z" finished-at="2016-11-11T11:37:08Z">
      <class name="Test.Test.runners.FeatureRunner">
        <test-method status="PASS" signature="setUpClass()[pri:0, instance:Test.Test.runners.FeatureRunner@df4efb]" name="setUpClass" is-config="true" duration-ms="338" started-at="2016-11-11T11:34:17Z" finished-at="2016-11-11T11:34:18Z">
          <reporter-output>
          </reporter-output>
        </test-method> <!-- setUpClass -->
        <test-method status="PASS" signature="feature(cucumber.api.testng.CucumberFeatureWrapper)[pri:0, instance:Test.Test.runners.FeatureRunner@df4efb]" name="feature" duration-ms="63990" started-at="2016-11-11T11:34:18Z" description="Runs Cucumber Feature" data-provider="features" finished-at="2016-11-11T11:35:22Z">
          <params>
            <param index="0">
              <value>
                <![CDATA[My Account tiles]]>
              </value>
            </param>
          </params>
          <reporter-output>
          </reporter-output>
        </test-method> <!-- feature -->
        <test-method status="PASS" signature="feature(cucumber.api.testng.CucumberFeatureWrapper)[pri:0, instance:Test.Test.runners.FeatureRunner@df4efb]" name="feature" duration-ms="24937" started-at="2016-11-11T11:35:22Z" description="Runs Cucumber Feature" data-provider="features" finished-at="2016-11-11T11:35:47Z">
          <params>
            <param index="0">
              <value>
                <![CDATA[My Account tiles]]>
              </value>
            </param>
          </params>
          <reporter-output>
          </reporter-output>
        </test-method> <!-- feature -->
        <test-method status="PASS" signature="feature(cucumber.api.testng.CucumberFeatureWrapper)[pri:0, instance:Test.Test.runners.FeatureRunner@df4efb]" name="feature" duration-ms="47063" started-at="2016-11-11T11:35:47Z" description="Runs Cucumber Feature" data-provider="features" finished-at="2016-11-11T11:36:34Z">
          <params>
            <param index="0">
              <value>
                <![CDATA[URL change for Bill]]>
              </value>
            </param>
          </params>
          <reporter-output>
          </reporter-output>
        </test-method> <!-- feature -->
        <test-method status="PASS" signature="feature(cucumber.api.testng.CucumberFeatureWrapper)[pri:0, instance:Test.Test.runners.FeatureRunner@df4efb]" name="feature" duration-ms="34424" started-at="2016-11-11T11:36:34Z" description="Runs Cucumber Feature" data-provider="features" finished-at="2016-11-11T11:37:08Z">
          <params>
            <param index="0">
              <value>
                <![CDATA[FDD next payment amount needs to always be ?XX.XX]]>
              </value>
            </param>
          </params>
          <reporter-output>
          </reporter-output>
        </test-method> <!-- feature -->
        <test-method status="PASS" signature="tearDownClass()[pri:0, instance:Test.Test.runners.FeatureRunner@df4efb]" name="tearDownClass" is-config="true" duration-ms="193" started-at="2016-11-11T11:37:08Z" finished-at="2016-11-11T11:37:08Z">
          <reporter-output>
          </reporter-output>
        </test-method> <!-- tearDownClass -->
      </class> <!-- Test.Test.runners.FeatureRunner -->
    </test> <!-- TestRunner -->
  </suite> <!-- TestAll -->
</testng-results>
